[debug] [2024-07-02T21:18:53.666Z] ----------------------------------------------------------------------
[debug] [2024-07-02T21:18:53.669Z] Command:       C:\Program Files\nodejs\node.exe C:\Users\user88\AppData\Roaming\npm\node_modules\firebase-tools\lib\bin\firebase.js init hosting:github
[debug] [2024-07-02T21:18:53.670Z] CLI Version:   13.12.0
[debug] [2024-07-02T21:18:53.670Z] Platform:      win32
[debug] [2024-07-02T21:18:53.670Z] Node Version:  v20.13.1
[debug] [2024-07-02T21:18:53.671Z] Time:          Tue Jul 02 2024 23:18:53 GMT+0200 (South Africa Standard Time)
[debug] [2024-07-02T21:18:53.671Z] ----------------------------------------------------------------------
[debug] 
[debug] [2024-07-02T21:18:53.745Z] > command requires scopes: ["email","openid","https://www.googleapis.com/auth/cloudplatformprojects.readonly","https://www.googleapis.com/auth/firebase","https://www.googleapis.com/auth/cloud-platform"]
[debug] [2024-07-02T21:18:53.746Z] > authorizing via signed-in user (keltongameplays@gmail.com)
[info] 
     ######## #### ########  ######## ########     ###     ######  ########
     ##        ##  ##     ## ##       ##     ##  ##   ##  ##       ##
     ######    ##  ########  ######   ########  #########  ######  ######
     ##        ##  ##    ##  ##       ##     ## ##     ##       ## ##
     ##       #### ##     ## ######## ########  ##     ##  ######  ########

You're about to initialize a Firebase project in this directory:

  C:\Users\user88\Desktop\Estagio\Quasar\pdf_red-project

Before we get started, keep in mind:

  * You are initializing within an existing Firebase project directory

[info] 
=== Project Setup
[info] 
[info] First, let's associate this project directory with a Firebase project.
[info] You can create multiple project aliases by running firebase use --add, 
[info] but for now we'll just set up a default project.
[info] 
[debug] [2024-07-02T21:18:56.568Z] Using project from CLI flag: pdf-red-11c7f
[debug] [2024-07-02T21:18:56.570Z] > refreshing access token with scopes: []
[debug] [2024-07-02T21:18:56.572Z] >>> [apiv2][query] POST https://www.googleapis.com/oauth2/v3/token [none]
[debug] [2024-07-02T21:18:56.573Z] >>> [apiv2][body] POST https://www.googleapis.com/oauth2/v3/token [omitted]
[debug] [2024-07-02T21:18:57.182Z] <<< [apiv2][status] POST https://www.googleapis.com/oauth2/v3/token 200
[debug] [2024-07-02T21:18:57.182Z] <<< [apiv2][body] POST https://www.googleapis.com/oauth2/v3/token [omitted]
[debug] [2024-07-02T21:18:57.191Z] >>> [apiv2][query] GET https://firebase.googleapis.com/v1beta1/projects/pdf-red-11c7f [none]
[debug] [2024-07-02T21:18:58.122Z] <<< [apiv2][status] GET https://firebase.googleapis.com/v1beta1/projects/pdf-red-11c7f 200
[debug] [2024-07-02T21:18:58.122Z] <<< [apiv2][body] GET https://firebase.googleapis.com/v1beta1/projects/pdf-red-11c7f {"projectId":"pdf-red-11c7f","projectNumber":"659617812578","displayName":"Pdf-Red","name":"projects/pdf-red-11c7f","resources":{"hostingSite":"pdf-red-11c7f"},"state":"ACTIVE","etag":"1_10ac73c5-5eec-4721-ad88-c568a59b4710"}
[info] i  Using project pdf-red-11c7f (Pdf-Red) 
[info] 
=== Hosting:github Setup
[info] 
[info] i  Detected a .git folder at C:\Users\user88\Desktop\Estagio\Quasar\pdf_red-project 
[info] i  Authorizing with GitHub to upload your service account to a GitHub repository's secrets store. 
[info] 
[info] Visit this URL on this device to log in:
[info] https://github.com/login/oauth/authorize?client_id=89cf50f02ac6aaed3484&state=14589322&redirect_uri=http%3A%2F%2Flocalhost%3A9005&scope=read%3Auser%20repo%20public_repo
[info] 
[info] Waiting for authentication...
[debug] [2024-07-02T21:18:58.159Z] Error: spawn cmd ENOENT
    at ChildProcess._handle.onexit (node:internal/child_process:286:19)
    at onErrorNT (node:internal/child_process:484:16)
    at process.processTicksAndRejections (node:internal/process/task_queues:82:21)
[error] 
[error] Error: An unexpected error has occurred.
